Writing FPS: 4.108145804454033
Bohs FPS: 1.606514983752354
Reading FPS: 312.0156931424855
Writing FPS: 4.0278612317057085
Bohs FPS: 1.7434610160843647
Reading FPS: 260.5607893548179
Writing FPS: 4.103130326132359
Bohs FPS: 1.617407238003143
Reading FPS: 67.20331199430517
Writing FPS: 4.120666889553566
Bohs FPS: 1.788013281262599
Reading FPS: 161.4451015619307
Writing FPS: 4.092128009359182
Bohs FPS: 1.8309353816763776
Reading FPS: 116.45423860806471
Writing FPS: 4.197834891094023
Bohs FPS: 1.7683777856764784
Reading FPS: 214.01741288525878
Writing FPS: 4.187402860104938
Bohs FPS: 1.668221585422368
Reading FPS: 254.97292824900643
Writing FPS: 4.01328028156757
Bohs FPS: 1.7621883195712056
Reading FPS: 389.8851320424731
Writing FPS: 3.94703153152434
Bohs FPS: 1.6458974000953819
Reading FPS: 211.7211361630346
Writing FPS: 4.098241638769281
Bohs FPS: 1.7250796192816333
Reading FPS: 211.94105580149252
Writing FPS: 4.124741062677509
Bohs FPS: 1.665674371697112
Reading FPS: 170.67980400512306
Writing FPS: 4.041093720398936
Bohs FPS: 1.6694806793029402
Reading FPS: 398.2743568690311
Writing FPS: 4.094888492378085
Bohs FPS: 1.72604613753431
Reading FPS: 404.33969710194043
Writing FPS: 4.079195458648109
Bohs FPS: 1.4761739450808322
Reading FPS: 111.83495665485442
Writing FPS: 2.8976829819721814
Bohs FPS: 0.3220389832787983
Reading FPS: 8.095853480336446
Writing FPS: 2.618462476225699
Bohs FPS: 1.558698366345504
Reading FPS: 153.5808842172669
Writing FPS: 4.115889876485519
Bohs FPS: 1.629950324166979
Reading FPS: 276.8378364255434
Writing FPS: 3.8548572687636504
Bohs FPS: 1.705263937469628
Reading FPS: 333.6171303021136
Writing FPS: 3.9950528940409513
Bohs FPS: 0.10273210406169386
Reading FPS: 5.521070092922221
Writing FPS: 2.4696638531885475
Bohs FPS: 0.1247621651204625
Reading FPS: 5.569789027642701
Writing FPS: 2.161042218970034
Bohs FPS: 0.797620775711944
Reading FPS: 88.31020974632409
Writing FPS: 3.839159119727928
Bohs FPS: 1.8077135527763153
Reading FPS: 436.1283490819417
Writing FPS: 3.978080917355838
Bohs FPS: 1.8841800727098283
Reading FPS: 352.70084196769807
Writing FPS: 4.144354566840102
Bohs FPS: 1.7905767150900842
Reading FPS: 360.056744940043
Writing FPS: 4.221628541167142
Bohs FPS: 1.8393922244895462
Reading FPS: 434.48036149654416
Writing FPS: 4.112149146860592
Bohs FPS: 1.869598936665002
Reading FPS: 233.68570021096986
Writing FPS: 4.016099401930285
Bohs FPS: 1.8337064268834038
Reading FPS: 371.3828701171992
Writing FPS: 3.9692492417503997
Bohs FPS: 1.8667252898055544
Reading FPS: 397.3738357928004
Writing FPS: 4.094203763674165
Bohs FPS: 1.837750448929735
Reading FPS: 423.0395817001151
Writing FPS: 4.140986322732225
Bohs FPS: 1.8132559567211886
Reading FPS: 329.34529120021483
Writing FPS: 4.051587223272603
Bohs FPS: 1.839505560624848
Reading FPS: 368.6657690922835
Writing FPS: 4.18753943955486
Bohs FPS: 1.8344425874402501
Reading FPS: 275.3953782634718
Writing FPS: 4.047889921811703
Bohs FPS: 1.679181880691217
Reading FPS: 398.6118740076237
Writing FPS: 4.202813277471042
Bohs FPS: 0.19096472319668073
^CKeyboardInterrupt
This code is reached
GST_ARGUS: Cleaning up
CONSUMER: Done Success
GST_ARGUS: Done Success
Average FPS: 0.30892751666593016

